<?xml version="1.0" encoding="UTF-8"?>
<!-- Generated by org.testng.reporters.JUnitReportReporter -->
<testsuite hostname="CBT-CAB05-107" name="com.Script.LoginTest" tests="2" failures="0" timestamp="14 Apr 2016 06:08:33 GMT" time="27.111" errors="0">
  <testcase name="login1" time="10.048" classname="com.Script.LoginTest"/>
  <testcase name="login2" time="17.063" classname="com.Script.LoginTest"/>
</testsuite> <!-- com.Script.LoginTest -->
